Loaded model cyclist from file /Users/rosswilkinson/Google Drive/projects/moco-cycling-standing/resources/cyclist.osim
Couldn't find file 'r_pelvis.vtp'.
Couldn't find file 'l_pelvis.vtp'.
Couldn't find file 'sacrum.vtp'.
Couldn't find file 'femur_r.vtp'.
Couldn't find file 'tibia_r.vtp'.
Couldn't find file 'r_fibula.vtp'.
Couldn't find file 'r_patella.vtp'.
Couldn't find file 'r_talus.vtp'.
Couldn't find file 'r_foot.vtp'.
Couldn't find file 'r_bofoot.vtp'.
Couldn't find file 'box.vtp'.
Couldn't find file 'box.vtp'.
Couldn't find file 'hat_spine.vtp'.
Couldn't find file 'hat_jaw.vtp'.
Couldn't find file 'hat_skull.vtp'.
Couldn't find file 'hat_ribs_scap.vtp'.
Couldn't find file 'femur_l.vtp'.
Couldn't find file 'tibia_l.vtp'.
Couldn't find file 'l_fibula.vtp'.
Couldn't find file 'patella_l.vtp'.
Couldn't find file 'l_talus.vtp'.
Couldn't find file 'l_foot.vtp'.
Couldn't find file 'l_bofoot.vtp'.
Couldn't find file 'box.vtp'.
Couldn't find file 'box.vtp'.
Couldn't find file 'humerus_rv.vtp'.
Couldn't find file 'ulna_rv.vtp'.
Couldn't find file 'radius_rv.vtp'.
Couldn't find file 'pisiform_rvs.vtp'.
Couldn't find file 'lunate_rvs.vtp'.
Couldn't find file 'scaphoid_rvs.vtp'.
Couldn't find file 'triquetrum_rvs.vtp'.
Couldn't find file 'hamate_rvs.vtp'.
Couldn't find file 'capitate_rvs.vtp'.
Couldn't find file 'trapezoid_rvs.vtp'.
Couldn't find file 'trapezium_rvs.vtp'.
Couldn't find file 'metacarpal2_rvs.vtp'.
Couldn't find file 'index_proximal_rvs.vtp'.
Couldn't find file 'index_medial_rvs.vtp'.
Couldn't find file 'index_distal_rvs.vtp'.
Couldn't find file 'metacarpal3_rvs.vtp'.
Couldn't find file 'middle_proximal_rvs.vtp'.
Couldn't find file 'middle_medial_rvs.vtp'.
Couldn't find file 'middle_distal_rvs.vtp'.
Couldn't find file 'metacarpal4_rvs.vtp'.
Couldn't find file 'ring_proximal_rvs.vtp'.
Couldn't find file 'ring_medial_rvs.vtp'.
Couldn't find file 'ring_distal_rvs.vtp'.
Couldn't find file 'metacarpal5_rvs.vtp'.
Couldn't find file 'little_proximal_rvs.vtp'.
Couldn't find file 'little_medial_rvs.vtp'.
Couldn't find file 'little_distal_rvs.vtp'.
Couldn't find file 'metacarpal1_rvs.vtp'.
Couldn't find file 'thumb_proximal_rvs.vtp'.
Couldn't find file 'thumb_distal_rvs.vtp'.
Couldn't find file 'humerus_lv.vtp'.
Couldn't find file 'ulna_lv.vtp'.
Couldn't find file 'radius_lv.vtp'.
Couldn't find file 'pisiform_lvs.vtp'.
Couldn't find file 'lunate_lvs.vtp'.
Couldn't find file 'scaphoid_lvs.vtp'.
Couldn't find file 'triquetrum_lvs.vtp'.
Couldn't find file 'hamate_lvs.vtp'.
Couldn't find file 'capitate_lvs.vtp'.
Couldn't find file 'trapezoid_lvs.vtp'.
Couldn't find file 'trapezium_lvs.vtp'.
Couldn't find file 'metacarpal2_lvs.vtp'.
Couldn't find file 'index_proximal_lvs.vtp'.
Couldn't find file 'index_medial_lvs.vtp'.
Couldn't find file 'index_distal_lvs.vtp'.
Couldn't find file 'metacarpal3_lvs.vtp'.
Couldn't find file 'middle_proximal_lvs.vtp'.
Couldn't find file 'middle_medial_lvs.vtp'.
Couldn't find file 'middle_distal_lvs.vtp'.
Couldn't find file 'metacarpal4_lvs.vtp'.
Couldn't find file 'ring_proximal_lvs.vtp'.
Couldn't find file 'ring_medial_lvs.vtp'.
Couldn't find file 'ring_distal_lvs.vtp'.
Couldn't find file 'metacarpal5_lvs.vtp'.
Couldn't find file 'little_proximal_lvs.vtp'.
Couldn't find file 'little_medial_lvs.vtp'.
Couldn't find file 'little_distal_lvs.vtp'.
Couldn't find file 'metacarpal1_lvs.vtp'.
Couldn't find file 'thumb_proximal_lvs.vtp'.
Couldn't find file 'thumb_distal_lvs.vtp'.
Couldn't find file 'cylinder.vtp'.
Loaded model BicycleRider from file /Users/rosswilkinson/Documents/opensim-moco-0.4.0/Resources/Code/Matlab/3DCycling/bicycle.osim
Loaded model rider from file /Users/rosswilkinson/Documents/opensim-moco-0.4.0/Resources/Code/Matlab/3DCycling/rider.osim
[reporter]
              | /forceset/bice|               | 
          time| ps|fiber_force|    elbow_angle| 
--------------| --------------| --------------| 
  0.000000e+00| 1.18096897e+00| 1.57079633e+00| 
1.00000000e+00| 5.72749833e+01| 7.70663779e-01| 
2.00000000e+00| 1.60221949e+01| 1.56813416e+00| 
3.00000000e+00| 5.51739111e+01| 1.44221496e+00| 
4.00000000e+00| 3.18640264e+01| 1.50818533e+00| 
5.00000000e+00| 3.35257732e+01| 1.51797968e+00| 
6.00000000e+00| 3.62785728e+01| 1.50225925e+00| 
7.00000000e+00| 3.47987488e+01| 1.50723219e+00| 
8.00000000e+00| 3.56617953e+01| 1.50795097e+00| 
9.00000000e+00| 3.59395246e+01| 1.50668165e+00| 
1.00000000e+01| 3.51437301e+01| 1.50710732e+00| 
